[INFO][main][2019-06-21 18:38:42][org.springframework.test.context.support.AbstractTestContextBootstrapper] - Loaded default TestExecutionListener class names from location [META-INF/spring.factories]: [org.springframework.test.context.web.ServletTestExecutionListener, org.springframework.test.context.support.DirtiesContextBeforeModesTestExecutionListener, org.springframework.test.context.support.DependencyInjectionTestExecutionListener, org.springframework.test.context.support.DirtiesContextTestExecutionListener, org.springframework.test.context.transaction.TransactionalTestExecutionListener, org.springframework.test.context.jdbc.SqlScriptsTestExecutionListener]
[INFO][main][2019-06-21 18:38:43][org.springframework.test.context.support.AbstractTestContextBootstrapper] - Using TestExecutionListeners: [org.springframework.test.context.web.ServletTestExecutionListener@6b09bb57, org.springframework.test.context.support.DirtiesContextBeforeModesTestExecutionListener@6536e911, org.springframework.test.context.support.DependencyInjectionTestExecutionListener@520a3426, org.springframework.test.context.support.DirtiesContextTestExecutionListener@18eed359, org.springframework.test.context.transaction.TransactionalTestExecutionListener@3e9b1010, org.springframework.test.context.jdbc.SqlScriptsTestExecutionListener@6c3708b3]
[INFO][main][2019-06-21 18:38:43][org.springframework.beans.factory.xml.XmlBeanDefinitionReader] - Loading XML bean definitions from class path resource [spring/spring-controller.xml]
[INFO][main][2019-06-21 18:38:43][org.springframework.beans.factory.xml.XmlBeanDefinitionReader] - Loading XML bean definitions from class path resource [spring/spring-dao.xml]
[INFO][main][2019-06-21 18:38:43][org.springframework.beans.factory.xml.XmlBeanDefinitionReader] - Loading XML bean definitions from class path resource [spring/spring-service.xml]
[INFO][main][2019-06-21 18:38:43][org.springframework.beans.factory.xml.XmlBeanDefinitionReader] - Loading XML bean definitions from class path resource [mybatis-config.xml]
[INFO][main][2019-06-21 18:38:46][org.springframework.context.support.AbstractApplicationContext] - Refreshing org.springframework.context.support.GenericApplicationContext@3712b94: startup date [Fri Jun 21 18:38:46 CST 2019]; root of context hierarchy
[INFO][main][2019-06-21 18:38:47][org.springframework.web.servlet.handler.AbstractHandlerMethodMapping$MappingRegistry] - Mapped "{[/login/selectOne],methods=[GET]}" onto public com.qlu.entity.Login com.qlu.controller.LoginController.selectOne(java.lang.Integer)
[INFO][main][2019-06-21 18:38:47][org.springframework.web.servlet.mvc.method.annotation.RequestMappingHandlerAdapter] - Looking for @ControllerAdvice: org.springframework.context.support.GenericApplicationContext@3712b94: startup date [Fri Jun 21 18:38:46 CST 2019]; root of context hierarchy
[INFO][main][2019-06-21 18:38:47][org.springframework.web.servlet.mvc.method.annotation.RequestMappingHandlerAdapter] - Looking for @ControllerAdvice: org.springframework.context.support.GenericApplicationContext@3712b94: startup date [Fri Jun 21 18:38:46 CST 2019]; root of context hierarchy
[INFO][main][2019-06-21 18:38:47][org.springframework.web.servlet.handler.AbstractUrlHandlerMapping] - Mapped URL path [/**] onto handler 'org.springframework.web.servlet.resource.DefaultServletHttpRequestHandler#0'
[INFO][main][2019-06-21 18:38:48][com.alibaba.druid.pool.DruidDataSource] - {dataSource-1} inited
[INFO][Thread-1][2019-06-21 18:38:49][org.springframework.context.support.AbstractApplicationContext] - Closing org.springframework.context.support.GenericApplicationContext@3712b94: startup date [Fri Jun 21 18:38:46 CST 2019]; root of context hierarchy
[INFO][Thread-1][2019-06-21 18:38:49][com.alibaba.druid.pool.DruidDataSource] - {dataSource-1} closed
[INFO][main][2019-06-21 18:42:05][org.springframework.test.context.support.AbstractTestContextBootstrapper] - Loaded default TestExecutionListener class names from location [META-INF/spring.factories]: [org.springframework.test.context.web.ServletTestExecutionListener, org.springframework.test.context.support.DirtiesContextBeforeModesTestExecutionListener, org.springframework.test.context.support.DependencyInjectionTestExecutionListener, org.springframework.test.context.support.DirtiesContextTestExecutionListener, org.springframework.test.context.transaction.TransactionalTestExecutionListener, org.springframework.test.context.jdbc.SqlScriptsTestExecutionListener]
[INFO][main][2019-06-21 18:42:05][org.springframework.test.context.support.AbstractTestContextBootstrapper] - Using TestExecutionListeners: [org.springframework.test.context.web.ServletTestExecutionListener@6b09bb57, org.springframework.test.context.support.DirtiesContextBeforeModesTestExecutionListener@6536e911, org.springframework.test.context.support.DependencyInjectionTestExecutionListener@520a3426, org.springframework.test.context.support.DirtiesContextTestExecutionListener@18eed359, org.springframework.test.context.transaction.TransactionalTestExecutionListener@3e9b1010, org.springframework.test.context.jdbc.SqlScriptsTestExecutionListener@6c3708b3]
[INFO][main][2019-06-21 18:42:05][org.springframework.beans.factory.xml.XmlBeanDefinitionReader] - Loading XML bean definitions from class path resource [spring/spring-controller.xml]
[INFO][main][2019-06-21 18:42:05][org.springframework.beans.factory.xml.XmlBeanDefinitionReader] - Loading XML bean definitions from class path resource [spring/spring-dao.xml]
[INFO][main][2019-06-21 18:42:05][org.springframework.beans.factory.xml.XmlBeanDefinitionReader] - Loading XML bean definitions from class path resource [spring/spring-service.xml]
[INFO][main][2019-06-21 18:42:06][org.springframework.beans.factory.xml.XmlBeanDefinitionReader] - Loading XML bean definitions from class path resource [mybatis-config.xml]
[INFO][main][2019-06-21 18:42:08][org.springframework.context.support.AbstractApplicationContext] - Refreshing org.springframework.context.support.GenericApplicationContext@3712b94: startup date [Fri Jun 21 18:42:08 CST 2019]; root of context hierarchy
[INFO][main][2019-06-21 18:42:09][org.springframework.web.servlet.handler.AbstractHandlerMethodMapping$MappingRegistry] - Mapped "{[/login/selectOne],methods=[GET]}" onto public com.qlu.entity.Login com.qlu.controller.LoginController.selectOne(java.lang.Integer)
[INFO][main][2019-06-21 18:42:09][org.springframework.web.servlet.mvc.method.annotation.RequestMappingHandlerAdapter] - Looking for @ControllerAdvice: org.springframework.context.support.GenericApplicationContext@3712b94: startup date [Fri Jun 21 18:42:08 CST 2019]; root of context hierarchy
[INFO][main][2019-06-21 18:42:09][org.springframework.web.servlet.mvc.method.annotation.RequestMappingHandlerAdapter] - Looking for @ControllerAdvice: org.springframework.context.support.GenericApplicationContext@3712b94: startup date [Fri Jun 21 18:42:08 CST 2019]; root of context hierarchy
[INFO][main][2019-06-21 18:42:09][org.springframework.web.servlet.handler.AbstractUrlHandlerMapping] - Mapped URL path [/**] onto handler 'org.springframework.web.servlet.resource.DefaultServletHttpRequestHandler#0'
[INFO][main][2019-06-21 18:42:10][com.alibaba.druid.pool.DruidDataSource] - {dataSource-1} inited
[INFO][Thread-1][2019-06-21 18:42:10][org.springframework.context.support.AbstractApplicationContext] - Closing org.springframework.context.support.GenericApplicationContext@3712b94: startup date [Fri Jun 21 18:42:08 CST 2019]; root of context hierarchy
[INFO][Thread-1][2019-06-21 18:42:10][com.alibaba.druid.pool.DruidDataSource] - {dataSource-1} closed
[INFO][main][2019-06-21 18:52:04][org.springframework.test.context.support.AbstractTestContextBootstrapper] - Loaded default TestExecutionListener class names from location [META-INF/spring.factories]: [org.springframework.test.context.web.ServletTestExecutionListener, org.springframework.test.context.support.DirtiesContextBeforeModesTestExecutionListener, org.springframework.test.context.support.DependencyInjectionTestExecutionListener, org.springframework.test.context.support.DirtiesContextTestExecutionListener, org.springframework.test.context.transaction.TransactionalTestExecutionListener, org.springframework.test.context.jdbc.SqlScriptsTestExecutionListener]
[INFO][main][2019-06-21 18:52:04][org.springframework.test.context.support.AbstractTestContextBootstrapper] - Using TestExecutionListeners: [org.springframework.test.context.web.ServletTestExecutionListener@6b09bb57, org.springframework.test.context.support.DirtiesContextBeforeModesTestExecutionListener@6536e911, org.springframework.test.context.support.DependencyInjectionTestExecutionListener@520a3426, org.springframework.test.context.support.DirtiesContextTestExecutionListener@18eed359, org.springframework.test.context.transaction.TransactionalTestExecutionListener@3e9b1010, org.springframework.test.context.jdbc.SqlScriptsTestExecutionListener@6c3708b3]
[INFO][main][2019-06-21 18:52:04][org.springframework.beans.factory.xml.XmlBeanDefinitionReader] - Loading XML bean definitions from class path resource [spring/spring-controller.xml]
[INFO][main][2019-06-21 18:52:05][org.springframework.beans.factory.xml.XmlBeanDefinitionReader] - Loading XML bean definitions from class path resource [spring/spring-dao.xml]
[INFO][main][2019-06-21 18:52:05][org.springframework.beans.factory.xml.XmlBeanDefinitionReader] - Loading XML bean definitions from class path resource [spring/spring-service.xml]
[INFO][main][2019-06-21 18:52:05][org.springframework.beans.factory.xml.XmlBeanDefinitionReader] - Loading XML bean definitions from class path resource [mybatis-config.xml]
[INFO][main][2019-06-21 18:52:07][org.springframework.context.support.AbstractApplicationContext] - Refreshing org.springframework.context.support.GenericApplicationContext@3712b94: startup date [Fri Jun 21 18:52:07 CST 2019]; root of context hierarchy
[INFO][main][2019-06-21 18:52:08][org.springframework.web.servlet.handler.AbstractHandlerMethodMapping$MappingRegistry] - Mapped "{[/login/selectOne],methods=[GET]}" onto public com.qlu.entity.Login com.qlu.controller.LoginController.selectOne(java.lang.Integer)
[INFO][main][2019-06-21 18:52:08][org.springframework.web.servlet.mvc.method.annotation.RequestMappingHandlerAdapter] - Looking for @ControllerAdvice: org.springframework.context.support.GenericApplicationContext@3712b94: startup date [Fri Jun 21 18:52:07 CST 2019]; root of context hierarchy
[INFO][main][2019-06-21 18:52:08][org.springframework.web.servlet.mvc.method.annotation.RequestMappingHandlerAdapter] - Looking for @ControllerAdvice: org.springframework.context.support.GenericApplicationContext@3712b94: startup date [Fri Jun 21 18:52:07 CST 2019]; root of context hierarchy
[INFO][main][2019-06-21 18:52:08][org.springframework.web.servlet.handler.AbstractUrlHandlerMapping] - Mapped URL path [/**] onto handler 'org.springframework.web.servlet.resource.DefaultServletHttpRequestHandler#0'
[INFO][main][2019-06-21 18:52:08][com.alibaba.druid.pool.DruidDataSource] - {dataSource-1} inited
[INFO][Thread-1][2019-06-21 18:52:09][org.springframework.context.support.AbstractApplicationContext] - Closing org.springframework.context.support.GenericApplicationContext@3712b94: startup date [Fri Jun 21 18:52:07 CST 2019]; root of context hierarchy
[INFO][Thread-1][2019-06-21 18:52:09][com.alibaba.druid.pool.DruidDataSource] - {dataSource-1} closed
[INFO][main][2019-06-21 18:52:55][org.springframework.test.context.support.AbstractTestContextBootstrapper] - Loaded default TestExecutionListener class names from location [META-INF/spring.factories]: [org.springframework.test.context.web.ServletTestExecutionListener, org.springframework.test.context.support.DirtiesContextBeforeModesTestExecutionListener, org.springframework.test.context.support.DependencyInjectionTestExecutionListener, org.springframework.test.context.support.DirtiesContextTestExecutionListener, org.springframework.test.context.transaction.TransactionalTestExecutionListener, org.springframework.test.context.jdbc.SqlScriptsTestExecutionListener]
[INFO][main][2019-06-21 18:52:55][org.springframework.test.context.support.AbstractTestContextBootstrapper] - Using TestExecutionListeners: [org.springframework.test.context.web.ServletTestExecutionListener@6b09bb57, org.springframework.test.context.support.DirtiesContextBeforeModesTestExecutionListener@6536e911, org.springframework.test.context.support.DependencyInjectionTestExecutionListener@520a3426, org.springframework.test.context.support.DirtiesContextTestExecutionListener@18eed359, org.springframework.test.context.transaction.TransactionalTestExecutionListener@3e9b1010, org.springframework.test.context.jdbc.SqlScriptsTestExecutionListener@6c3708b3]
[INFO][main][2019-06-21 18:52:55][org.springframework.beans.factory.xml.XmlBeanDefinitionReader] - Loading XML bean definitions from class path resource [spring/spring-controller.xml]
[INFO][main][2019-06-21 18:52:56][org.springframework.beans.factory.xml.XmlBeanDefinitionReader] - Loading XML bean definitions from class path resource [spring/spring-dao.xml]
[INFO][main][2019-06-21 18:52:56][org.springframework.beans.factory.xml.XmlBeanDefinitionReader] - Loading XML bean definitions from class path resource [spring/spring-service.xml]
[INFO][main][2019-06-21 18:52:56][org.springframework.beans.factory.xml.XmlBeanDefinitionReader] - Loading XML bean definitions from class path resource [mybatis-config.xml]
[INFO][main][2019-06-21 18:52:59][org.springframework.context.support.AbstractApplicationContext] - Refreshing org.springframework.context.support.GenericApplicationContext@3712b94: startup date [Fri Jun 21 18:52:59 CST 2019]; root of context hierarchy
[INFO][main][2019-06-21 18:53:00][org.springframework.web.servlet.handler.AbstractHandlerMethodMapping$MappingRegistry] - Mapped "{[/login/selectOne],methods=[GET]}" onto public com.qlu.entity.Login com.qlu.controller.LoginController.selectOne(java.lang.Integer)
[INFO][main][2019-06-21 18:53:00][org.springframework.web.servlet.mvc.method.annotation.RequestMappingHandlerAdapter] - Looking for @ControllerAdvice: org.springframework.context.support.GenericApplicationContext@3712b94: startup date [Fri Jun 21 18:52:59 CST 2019]; root of context hierarchy
[INFO][main][2019-06-21 18:53:00][org.springframework.web.servlet.mvc.method.annotation.RequestMappingHandlerAdapter] - Looking for @ControllerAdvice: org.springframework.context.support.GenericApplicationContext@3712b94: startup date [Fri Jun 21 18:52:59 CST 2019]; root of context hierarchy
[INFO][main][2019-06-21 18:53:00][org.springframework.web.servlet.handler.AbstractUrlHandlerMapping] - Mapped URL path [/**] onto handler 'org.springframework.web.servlet.resource.DefaultServletHttpRequestHandler#0'
[INFO][main][2019-06-21 18:53:01][com.alibaba.druid.pool.DruidDataSource] - {dataSource-1} inited
[INFO][Thread-1][2019-06-21 18:53:02][org.springframework.context.support.AbstractApplicationContext] - Closing org.springframework.context.support.GenericApplicationContext@3712b94: startup date [Fri Jun 21 18:52:59 CST 2019]; root of context hierarchy
[INFO][Thread-1][2019-06-21 18:53:02][com.alibaba.druid.pool.DruidDataSource] - {dataSource-1} closed
[INFO][main][2019-06-21 18:59:05][org.springframework.test.context.support.AbstractTestContextBootstrapper] - Loaded default TestExecutionListener class names from location [META-INF/spring.factories]: [org.springframework.test.context.web.ServletTestExecutionListener, org.springframework.test.context.support.DirtiesContextBeforeModesTestExecutionListener, org.springframework.test.context.support.DependencyInjectionTestExecutionListener, org.springframework.test.context.support.DirtiesContextTestExecutionListener, org.springframework.test.context.transaction.TransactionalTestExecutionListener, org.springframework.test.context.jdbc.SqlScriptsTestExecutionListener]
[INFO][main][2019-06-21 18:59:05][org.springframework.test.context.support.AbstractTestContextBootstrapper] - Using TestExecutionListeners: [org.springframework.test.context.web.ServletTestExecutionListener@6536e911, org.springframework.test.context.support.DirtiesContextBeforeModesTestExecutionListener@520a3426, org.springframework.test.context.support.DependencyInjectionTestExecutionListener@18eed359, org.springframework.test.context.support.DirtiesContextTestExecutionListener@3e9b1010, org.springframework.test.context.transaction.TransactionalTestExecutionListener@6c3708b3, org.springframework.test.context.jdbc.SqlScriptsTestExecutionListener@6f1fba17]
[INFO][main][2019-06-21 18:59:06][org.springframework.beans.factory.xml.XmlBeanDefinitionReader] - Loading XML bean definitions from class path resource [spring/spring-controller.xml]
[INFO][main][2019-06-21 18:59:06][org.springframework.beans.factory.xml.XmlBeanDefinitionReader] - Loading XML bean definitions from class path resource [spring/spring-dao.xml]
[INFO][main][2019-06-21 18:59:06][org.springframework.beans.factory.xml.XmlBeanDefinitionReader] - Loading XML bean definitions from class path resource [spring/spring-service.xml]
[INFO][main][2019-06-21 18:59:06][org.springframework.beans.factory.xml.XmlBeanDefinitionReader] - Loading XML bean definitions from class path resource [mybatis-config.xml]
[INFO][main][2019-06-21 18:59:09][org.springframework.context.support.AbstractApplicationContext] - Refreshing org.springframework.context.support.GenericApplicationContext@2833cc44: startup date [Fri Jun 21 18:59:09 CST 2019]; root of context hierarchy
[INFO][main][2019-06-21 18:59:10][org.springframework.web.servlet.handler.AbstractHandlerMethodMapping$MappingRegistry] - Mapped "{[/login/selectOne],methods=[GET]}" onto public com.qlu.entity.Login com.qlu.controller.LoginController.selectOne(java.lang.Integer)
[INFO][main][2019-06-21 18:59:10][org.springframework.web.servlet.mvc.method.annotation.RequestMappingHandlerAdapter] - Looking for @ControllerAdvice: org.springframework.context.support.GenericApplicationContext@2833cc44: startup date [Fri Jun 21 18:59:09 CST 2019]; root of context hierarchy
[INFO][main][2019-06-21 18:59:10][org.springframework.web.servlet.mvc.method.annotation.RequestMappingHandlerAdapter] - Looking for @ControllerAdvice: org.springframework.context.support.GenericApplicationContext@2833cc44: startup date [Fri Jun 21 18:59:09 CST 2019]; root of context hierarchy
[INFO][main][2019-06-21 18:59:10][org.springframework.web.servlet.handler.AbstractUrlHandlerMapping] - Mapped URL path [/**] onto handler 'org.springframework.web.servlet.resource.DefaultServletHttpRequestHandler#0'
[INFO][main][2019-06-21 18:59:11][com.alibaba.druid.pool.DruidDataSource] - {dataSource-1} inited
[INFO][Thread-1][2019-06-21 18:59:11][org.springframework.context.support.AbstractApplicationContext] - Closing org.springframework.context.support.GenericApplicationContext@2833cc44: startup date [Fri Jun 21 18:59:09 CST 2019]; root of context hierarchy
[INFO][Thread-1][2019-06-21 18:59:11][com.alibaba.druid.pool.DruidDataSource] - {dataSource-1} closed
[INFO][main][2019-06-21 18:59:37][org.springframework.test.context.support.AbstractTestContextBootstrapper] - Loaded default TestExecutionListener class names from location [META-INF/spring.factories]: [org.springframework.test.context.web.ServletTestExecutionListener, org.springframework.test.context.support.DirtiesContextBeforeModesTestExecutionListener, org.springframework.test.context.support.DependencyInjectionTestExecutionListener, org.springframework.test.context.support.DirtiesContextTestExecutionListener, org.springframework.test.context.transaction.TransactionalTestExecutionListener, org.springframework.test.context.jdbc.SqlScriptsTestExecutionListener]
[INFO][main][2019-06-21 18:59:37][org.springframework.test.context.support.AbstractTestContextBootstrapper] - Using TestExecutionListeners: [org.springframework.test.context.web.ServletTestExecutionListener@6b09bb57, org.springframework.test.context.support.DirtiesContextBeforeModesTestExecutionListener@6536e911, org.springframework.test.context.support.DependencyInjectionTestExecutionListener@520a3426, org.springframework.test.context.support.DirtiesContextTestExecutionListener@18eed359, org.springframework.test.context.transaction.TransactionalTestExecutionListener@3e9b1010, org.springframework.test.context.jdbc.SqlScriptsTestExecutionListener@6c3708b3]
[INFO][main][2019-06-21 18:59:37][org.springframework.beans.factory.xml.XmlBeanDefinitionReader] - Loading XML bean definitions from class path resource [spring/spring-controller.xml]
[INFO][main][2019-06-21 18:59:37][org.springframework.beans.factory.xml.XmlBeanDefinitionReader] - Loading XML bean definitions from class path resource [spring/spring-dao.xml]
[INFO][main][2019-06-21 18:59:37][org.springframework.beans.factory.xml.XmlBeanDefinitionReader] - Loading XML bean definitions from class path resource [spring/spring-service.xml]
[INFO][main][2019-06-21 18:59:38][org.springframework.beans.factory.xml.XmlBeanDefinitionReader] - Loading XML bean definitions from class path resource [mybatis-config.xml]
[INFO][main][2019-06-21 18:59:40][org.springframework.context.support.AbstractApplicationContext] - Refreshing org.springframework.context.support.GenericApplicationContext@3712b94: startup date [Fri Jun 21 18:59:40 CST 2019]; root of context hierarchy
[INFO][main][2019-06-21 18:59:40][org.springframework.web.servlet.handler.AbstractHandlerMethodMapping$MappingRegistry] - Mapped "{[/login/selectOne],methods=[GET]}" onto public com.qlu.entity.Login com.qlu.controller.LoginController.selectOne(java.lang.Integer)
[INFO][main][2019-06-21 18:59:41][org.springframework.web.servlet.mvc.method.annotation.RequestMappingHandlerAdapter] - Looking for @ControllerAdvice: org.springframework.context.support.GenericApplicationContext@3712b94: startup date [Fri Jun 21 18:59:40 CST 2019]; root of context hierarchy
[INFO][main][2019-06-21 18:59:41][org.springframework.web.servlet.mvc.method.annotation.RequestMappingHandlerAdapter] - Looking for @ControllerAdvice: org.springframework.context.support.GenericApplicationContext@3712b94: startup date [Fri Jun 21 18:59:40 CST 2019]; root of context hierarchy
[INFO][main][2019-06-21 18:59:41][org.springframework.web.servlet.handler.AbstractUrlHandlerMapping] - Mapped URL path [/**] onto handler 'org.springframework.web.servlet.resource.DefaultServletHttpRequestHandler#0'
[INFO][main][2019-06-21 18:59:41][com.alibaba.druid.pool.DruidDataSource] - {dataSource-1} inited
[INFO][Thread-1][2019-06-21 18:59:42][org.springframework.context.support.AbstractApplicationContext] - Closing org.springframework.context.support.GenericApplicationContext@3712b94: startup date [Fri Jun 21 18:59:40 CST 2019]; root of context hierarchy
[INFO][Thread-1][2019-06-21 18:59:42][com.alibaba.druid.pool.DruidDataSource] - {dataSource-1} closed
